<?xml version="1.0" encoding="UTF-8"?>
<!-- Generated by org.testng.reporters.JUnitReportReporter -->
<testsuite hostname="Caldeira.local" failures="0" tests="1" name="org.selenide.examples.AppTest" time="0.015" errors="0" timestamp="11 Dec 2020 14:04:01 GMT">
  <testcase classname="org.selenide.examples.AppTest" name="shouldAnswerWithTrue" time="0.015"/>
</testsuite> <!-- org.selenide.examples.AppTest -->
